# JRE version: OpenJDK Runtime Environment Temurin-17.0.4.1+1 (17.0.4.1+1) (build 17.0.4.1+1)
# Java VM: OpenJDK 64-Bit Server VM Temurin-17.0.4.1+1 (17.0.4.1+1, mixed mode, tiered, compressed oops, compressed class ptrs, g1 gc, windows-amd64)
GC Precious Log:
 CPUs: 8 total, 8 available
 Memory: 8079M
 Large Page Support: Disabled
 NUMA Support: Disabled
 Compressed Oops: Enabled (32-bit)
 Heap Region Size: 1M
 Heap Min Capacity: 8M
 Heap Initial Capacity: 128M
 Heap Max Capacity: 2020M
 Pre-touch: Disabled
 Parallel Workers: 8
 Concurrent Workers: 2
 Concurrent Refinement Workers: 8
 Periodic GC: Disabled
Heap:
 garbage-first heap   total 96256K, used 48689K [0x0000000081c00000, 0x0000000100000000)
  region size 1024K, 1 young (1024K), 1 survivors (1024K)
 Metaspace       used 68625K, committed 69056K, reserved 1114112K
  class space    used 8698K, committed 8896K, reserved 1048576K
GC Heap History (20 events):
Event: 7.363 GC heap before
{Heap before GC invocations=21 (full 0):
 garbage-first heap   total 48128K, used 38587K [0x0000000081c00000, 0x0000000100000000)
  region size 1024K, 18 young (18432K), 3 survivors (3072K)
 Metaspace       used 62103K, committed 62528K, reserved 1105920K
  class space    used 7885K, committed 8064K, reserved 1048576K
}
Event: 7.366 GC heap after
{Heap after GC invocations=22 (full 0):
 garbage-first heap   total 48128K, used 23763K [0x0000000081c00000, 0x0000000100000000)
  region size 1024K, 2 young (2048K), 2 survivors (2048K)
 Metaspace       used 62103K, committed 62528K, reserved 1105920K
  class space    used 7885K, committed 8064K, reserved 1048576K
}
Event: 7.551 GC heap before
{Heap before GC invocations=22 (full 0):
 garbage-first heap   total 48128K, used 39123K [0x0000000081c00000, 0x0000000100000000)
  region size 1024K, 17 young (17408K), 2 survivors (2048K)
 Metaspace       used 63234K, committed 63680K, reserved 1105920K
  class space    used 8026K, committed 8256K, reserved 1048576K
}
Event: 7.554 GC heap after
{Heap after GC invocations=23 (full 0):
 garbage-first heap   total 48128K, used 24502K [0x0000000081c00000, 0x0000000100000000)
  region size 1024K, 2 young (2048K), 2 survivors (2048K)
 Metaspace       used 63234K, committed 63680K, reserved 1105920K
  class space    used 8026K, committed 8256K, reserved 1048576K
}
Event: 7.672 GC heap before
{Heap before GC invocations=24 (full 0):
 garbage-first heap   total 48128K, used 38838K [0x0000000081c00000, 0x0000000100000000)
  region size 1024K, 16 young (16384K), 2 survivors (2048K)
 Metaspace       used 63436K, committed 63808K, reserved 1105920K
  class space    used 8059K, committed 8256K, reserved 1048576K
}
Event: 7.674 GC heap after
{Heap after GC invocations=25 (full 0):
 garbage-first heap   total 48128K, used 25290K [0x0000000081c00000, 0x0000000100000000)
  region size 1024K, 2 young (2048K), 2 survivors (2048K)
 Metaspace       used 63436K, committed 63808K, reserved 1105920K
  class space    used 8059K, committed 8256K, reserved 1048576K
}
Event: 7.965 GC heap before
{Heap before GC invocations=25 (full 0):
 garbage-first heap   total 48128K, used 38602K [0x0000000081c00000, 0x0000000100000000)
  region size 1024K, 15 young (15360K), 2 survivors (2048K)
 Metaspace       used 65205K, committed 65600K, reserved 1105920K
  class space    used 8306K, committed 8512K, reserved 1048576K
}
Event: 7.968 GC heap after
{Heap after GC invocations=26 (full 0):
 garbage-first heap   total 58368K, used 26460K [0x0000000081c00000, 0x0000000100000000)
  region size 1024K, 2 young (2048K), 2 survivors (2048K)
 Metaspace       used 65205K, committed 65600K, reserved 1105920K
  class space    used 8306K, committed 8512K, reserved 1048576K
}
Event: 8.298 GC heap before
{Heap before GC invocations=27 (full 0):
 garbage-first heap   total 58368K, used 48988K [0x0000000081c00000, 0x0000000100000000)
  region size 1024K, 23 young (23552K), 2 survivors (2048K)
 Metaspace       used 67306K, committed 67712K, reserved 1114112K
  class space    used 8555K, committed 8768K, reserved 1048576K
}
Event: 8.302 GC heap after
{Heap after GC invocations=28 (full 0):
 garbage-first heap   total 58368K, used 30661K [0x0000000081c00000, 0x0000000100000000)
  region size 1024K, 3 young (3072K), 3 survivors (3072K)
 Metaspace       used 67306K, committed 67712K, reserved 1114112K
  class space    used 8555K, committed 8768K, reserved 1048576K
}
Event: 8.360 GC heap before
{Heap before GC invocations=28 (full 0):
 garbage-first heap   total 58368K, used 46021K [0x0000000081c00000, 0x0000000100000000)
  region size 1024K, 19 young (19456K), 3 survivors (3072K)
 Metaspace       used 67380K, committed 67776K, reserved 1114112K
  class space    used 8558K, committed 8768K, reserved 1048576K
}
Event: 8.365 GC heap after
{Heap after GC invocations=29 (full 0):
 garbage-first heap   total 58368K, used 33008K [0x0000000081c00000, 0x0000000100000000)
  region size 1024K, 3 young (3072K), 3 survivors (3072K)
 Metaspace       used 67380K, committed 67776K, reserved 1114112K
  class space    used 8558K, committed 8768K, reserved 1048576K
}
Event: 8.432 GC heap before
{Heap before GC invocations=30 (full 0):
 garbage-first heap   total 66560K, used 41200K [0x0000000081c00000, 0x0000000100000000)
  region size 1024K, 12 young (12288K), 3 survivors (3072K)
 Metaspace       used 67515K, committed 67968K, reserved 1114112K
  class space    used 8569K, committed 8768K, reserved 1048576K
}
Event: 8.437 GC heap after
{Heap after GC invocations=31 (full 0):
 garbage-first heap   total 66560K, used 36326K [0x0000000081c00000, 0x0000000100000000)
  region size 1024K, 2 young (2048K), 2 survivors (2048K)
 Metaspace       used 67515K, committed 67968K, reserved 1114112K
  class space    used 8569K, committed 8768K, reserved 1048576K
}
Event: 8.504 GC heap before
{Heap before GC invocations=32 (full 0):
 garbage-first heap   total 78848K, used 48614K [0x0000000081c00000, 0x0000000100000000)
  region size 1024K, 14 young (14336K), 2 survivors (2048K)
 Metaspace       used 67547K, committed 67968K, reserved 1114112K
  class space    used 8569K, committed 8768K, reserved 1048576K
}
Event: 8.509 GC heap after
{Heap after GC invocations=33 (full 0):
 garbage-first heap   total 78848K, used 38912K [0x0000000081c00000, 0x0000000100000000)
  region size 1024K, 2 young (2048K), 2 survivors (2048K)
 Metaspace       used 67547K, committed 67968K, reserved 1114112K
  class space    used 8569K, committed 8768K, reserved 1048576K
}
Event: 8.619 GC heap before
{Heap before GC invocations=33 (full 0):
 garbage-first heap   total 78848K, used 57344K [0x0000000081c00000, 0x0000000100000000)
  region size 1024K, 20 young (20480K), 2 survivors (2048K)
 Metaspace       used 67572K, committed 67968K, reserved 1114112K
  class space    used 8569K, committed 8768K, reserved 1048576K
}
Event: 8.623 GC heap after
{Heap after GC invocations=34 (full 0):
 garbage-first heap   total 78848K, used 44299K [0x0000000081c00000, 0x0000000100000000)
  region size 1024K, 3 young (3072K), 3 survivors (3072K)
 Metaspace       used 67572K, committed 67968K, reserved 1114112K
  class space    used 8569K, committed 8768K, reserved 1048576K
}
Event: 8.680 GC heap before
{Heap before GC invocations=34 (full 0):
 garbage-first heap   total 96256K, used 58635K [0x0000000081c00000, 0x0000000100000000)
  region size 1024K, 17 young (17408K), 3 survivors (3072K)
 Metaspace       used 67577K, committed 67968K, reserved 1114112K
  class space    used 8569K, committed 8768K, reserved 1048576K
}
Event: 8.683 GC heap after
{Heap after GC invocations=35 (full 0):
 garbage-first heap   total 96256K, used 47845K [0x0000000081c00000, 0x0000000100000000)
  region size 1024K, 3 young (3072K), 3 survivors (3072K)
 Metaspace       used 67577K, committed 67968K, reserved 1114112K
  class space    used 8569K, committed 8768K, reserved 1048576K
}

